1661946081791	geckodriver	INFO	Listening on 127.0.0.1:64845
1661946084849	mozrunner::runner	INFO	Running command: "C:\\Program Files\\Mozilla Firefox\\firefox.exe" "--marionette" "-headless" "--window-size=1920,1080" "start-maximized" "--remote-debugging-port" "64846" "--remote-allow-hosts" "localhost" "-no-remote" "-profile" "C:\\Users\\kiera\\AppData\\Local\\Temp\\rust_mozprofileEKBlOQ"
*** You are running in headless mode.
1661946085208	Marionette	INFO	Marionette enabled
1661946085213	Marionette	INFO	Listening on port 64858
WebDriver BiDi listening on ws://localhost:64846
Read port: 64858
1661946085414	RemoteAgent	WARN	TLS certificate errors will be ignored for this session
[GFX1-]: RenderCompositorSWGL failed mapping default framebuffer, no dt
console.warn: SearchSettings: "get: No settings file exists, new profile?" (new NotFoundError("Could not open the file at C:\\Users\\kiera\\AppData\\Local\\Temp\\rust_mozprofileEKBlOQ\\search.json.mozlz4", (void 0)))
DevTools listening on ws://localhost:64846/devtools/browser/71c64472-ee69-45cb-875b-751fb4354119
JavaScript error: chrome://remote/content/marionette/driver.js, line 2270: NS_ERROR_ILLEGAL_VALUE: Component returned failure code: 0x80070057 (NS_ERROR_ILLEGAL_VALUE) [nsIObserverService.removeObserver]
1661946259559	geckodriver	INFO	Listening on 127.0.0.1:64921
1661946262626	mozrunner::runner	INFO	Running command: "C:\\Program Files\\Mozilla Firefox\\firefox.exe" "--marionette" "--window-size=1920,1080" "start-maximized" "--remote-debugging-port" "64922" "--remote-allow-hosts" "localhost" "-no-remote" "-profile" "C:\\Users\\kiera\\AppData\\Local\\Temp\\rust_mozprofile4In3eR"
1661946262899	Marionette	INFO	Marionette enabled
1661946262904	Marionette	INFO	Listening on port 64932
WebDriver BiDi listening on ws://localhost:64922
Read port: 64932
1661946262988	RemoteAgent	WARN	TLS certificate errors will be ignored for this session
console.warn: SearchSettings: "get: No settings file exists, new profile?" (new NotFoundError("Could not open the file at C:\\Users\\kiera\\AppData\\Local\\Temp\\rust_mozprofile4In3eR\\search.json.mozlz4", (void 0)))
DevTools listening on ws://localhost:64922/devtools/browser/49ef3291-04ed-4d22-9205-6a8b9074cd17
JavaScript error: chrome://remote/content/marionette/driver.js, line 2270: NS_ERROR_ILLEGAL_VALUE: Component returned failure code: 0x80070057 (NS_ERROR_ILLEGAL_VALUE) [nsIObserverService.removeObserver]
1661946380194	geckodriver	INFO	Listening on 127.0.0.1:65036
1661946383253	mozrunner::runner	INFO	Running command: "C:\\Program Files\\Mozilla Firefox\\firefox.exe" "--marionette" "--remote-debugging-port" "65037" "--remote-allow-hosts" "localhost" "-no-remote" "-profile" "C:\\Users\\kiera\\AppData\\Local\\Temp\\rust_mozprofileKd0lyb"
1661946383522	Marionette	INFO	Marionette enabled
1661946383527	Marionette	INFO	Listening on port 65046
WebDriver BiDi listening on ws://localhost:65037
Read port: 65046
1661946383663	RemoteAgent	WARN	TLS certificate errors will be ignored for this session
console.warn: SearchSettings: "get: No settings file exists, new profile?" (new NotFoundError("Could not open the file at C:\\Users\\kiera\\AppData\\Local\\Temp\\rust_mozprofileKd0lyb\\search.json.mozlz4", (void 0)))
DevTools listening on ws://localhost:65037/devtools/browser/59db3d58-ca84-49fc-a650-c73770520a49
1661946405517	geckodriver	INFO	Listening on 127.0.0.1:65073
1661946408562	mozrunner::runner	INFO	Running command: "C:\\Program Files\\Mozilla Firefox\\firefox.exe" "--marionette" "--remote-debugging-port" "65074" "--remote-allow-hosts" "localhost" "-no-remote" "-profile" "C:\\Users\\kiera\\AppData\\Local\\Temp\\rust_mozprofileGAJ6Ae"
1661946408828	Marionette	INFO	Marionette enabled
1661946408832	Marionette	INFO	Listening on port 65083
WebDriver BiDi listening on ws://localhost:65074
Read port: 65083
1661946409016	RemoteAgent	WARN	TLS certificate errors will be ignored for this session
console.warn: SearchSettings: "get: No settings file exists, new profile?" (new NotFoundError("Could not open the file at C:\\Users\\kiera\\AppData\\Local\\Temp\\rust_mozprofileGAJ6Ae\\search.json.mozlz4", (void 0)))
DevTools listening on ws://localhost:65074/devtools/browser/695a1c2a-de57-48ad-b84a-47c9fe29e4c2
1661946489667	geckodriver	INFO	Listening on 127.0.0.1:65165
1661946492724	mozrunner::runner	INFO	Running command: "C:\\Program Files\\Mozilla Firefox\\firefox.exe" "--marionette" "--headless" "--window-size=1920,1080" "start-maximized" "--remote-debugging-port" "65166" "--remote-allow-hosts" "localhost" "-no-remote" "-profile" "C:\\Users\\kiera\\AppData\\Local\\Temp\\rust_mozprofileq7xunT"
*** You are running in headless mode.
1661946492999	Marionette	INFO	Marionette enabled
1661946493003	Marionette	INFO	Listening on port 65175
WebDriver BiDi listening on ws://localhost:65166
Read port: 65175
1661946493131	RemoteAgent	WARN	TLS certificate errors will be ignored for this session
[GFX1-]: RenderCompositorSWGL failed mapping default framebuffer, no dt
console.warn: SearchSettings: "get: No settings file exists, new profile?" (new NotFoundError("Could not open the file at C:\\Users\\kiera\\AppData\\Local\\Temp\\rust_mozprofileq7xunT\\search.json.mozlz4", (void 0)))
DevTools listening on ws://localhost:65166/devtools/browser/6a229d6e-ea62-4ffe-95d5-5da8b1a013ad
JavaScript error: chrome://remote/content/marionette/driver.js, line 2270: NS_ERROR_ILLEGAL_VALUE: Component returned failure code: 0x80070057 (NS_ERROR_ILLEGAL_VALUE) [nsIObserverService.removeObserver]
1661946523896	geckodriver	INFO	Listening on 127.0.0.1:65206
1661946526954	mozrunner::runner	INFO	Running command: "C:\\Program Files\\Mozilla Firefox\\firefox.exe" "--marionette" "--headless" "--remote-debugging-port" "65207" "--remote-allow-hosts" "localhost" "-no-remote" "-profile" "C:\\Users\\kiera\\AppData\\Local\\Temp\\rust_mozprofilefH1gDT"
*** You are running in headless mode.
1661946527229	Marionette	INFO	Marionette enabled
1661946527233	Marionette	INFO	Listening on port 65217
WebDriver BiDi listening on ws://localhost:65207
Read port: 65217
1661946527361	RemoteAgent	WARN	TLS certificate errors will be ignored for this session
[GFX1-]: RenderCompositorSWGL failed mapping default framebuffer, no dt
console.warn: SearchSettings: "get: No settings file exists, new profile?" (new NotFoundError("Could not open the file at C:\\Users\\kiera\\AppData\\Local\\Temp\\rust_mozprofilefH1gDT\\search.json.mozlz4", (void 0)))
DevTools listening on ws://localhost:65207/devtools/browser/6f8c0a37-c04d-434d-85e7-2a582840a813
1661946538303	geckodriver	INFO	Listening on 127.0.0.1:65278
1661946541356	mozrunner::runner	INFO	Running command: "C:\\Program Files\\Mozilla Firefox\\firefox.exe" "--marionette" "--remote-debugging-port" "65279" "--remote-allow-hosts" "localhost" "-no-remote" "-profile" "C:\\Users\\kiera\\AppData\\Local\\Temp\\rust_mozprofileceoCLw"
1661946541629	Marionette	INFO	Marionette enabled
1661946541634	Marionette	INFO	Listening on port 65289
WebDriver BiDi listening on ws://localhost:65279
Read port: 65289
1661946541714	RemoteAgent	WARN	TLS certificate errors will be ignored for this session
console.warn: SearchSettings: "get: No settings file exists, new profile?" (new NotFoundError("Could not open the file at C:\\Users\\kiera\\AppData\\Local\\Temp\\rust_mozprofileceoCLw\\search.json.mozlz4", (void 0)))
DevTools listening on ws://localhost:65279/devtools/browser/ae86199e-8014-4c8d-95d0-9409defe2b64
1661946568254	Marionette	INFO	Stopped listening on port 65289
console.warn: TopSitesFeed: Failed to fetch data from Contile server: NetworkError when attempting to fetch resource.
1661946986206	geckodriver	INFO	Listening on 127.0.0.1:65426
1661946989255	mozrunner::runner	INFO	Running command: "C:\\Program Files\\Mozilla Firefox\\firefox.exe" "--marionette" "--remote-debugging-port" "65427" "--remote-allow-hosts" "localhost" "-no-remote" "-profile" "C:\\Users\\kiera\\AppData\\Local\\Temp\\rust_mozprofileFLjOWf"
1661946989532	Marionette	INFO	Marionette enabled
1661946989536	Marionette	INFO	Listening on port 65436
WebDriver BiDi listening on ws://localhost:65427
Read port: 65436
1661946989674	RemoteAgent	WARN	TLS certificate errors will be ignored for this session
console.warn: SearchSettings: "get: No settings file exists, new profile?" (new NotFoundError("Could not open the file at C:\\Users\\kiera\\AppData\\Local\\Temp\\rust_mozprofileFLjOWf\\search.json.mozlz4", (void 0)))
DevTools listening on ws://localhost:65427/devtools/browser/a8b8e1b9-1f49-4106-93f9-2e9a9f61eec8
1661948428670	geckodriver	INFO	Listening on 127.0.0.1:57794
1661948431727	mozrunner::runner	INFO	Running command: "C:\\Program Files\\Mozilla Firefox\\firefox.exe" "--marionette" "--remote-debugging-port" "57795" "--remote-allow-hosts" "localhost" "-no-remote" "-profile" "C:\\Users\\kiera\\AppData\\Local\\Temp\\rust_mozprofile9m1VUW"
1661948432002	Marionette	INFO	Marionette enabled
1661948432007	Marionette	INFO	Listening on port 57804
WebDriver BiDi listening on ws://localhost:57795
Read port: 57804
1661948432080	RemoteAgent	WARN	TLS certificate errors will be ignored for this session
console.warn: SearchSettings: "get: No settings file exists, new profile?" (new NotFoundError("Could not open the file at C:\\Users\\kiera\\AppData\\Local\\Temp\\rust_mozprofile9m1VUW\\search.json.mozlz4", (void 0)))
DevTools listening on ws://localhost:57795/devtools/browser/b315874c-77d5-4fd1-a482-32b741619c12
1661948525664	Marionette	INFO	Stopped listening on port 57804
console.warn: TopSitesFeed: Failed to fetch data from Contile server: NetworkError when attempting to fetch resource.
remote-debugging-port" "57871" "--remote-allow-hosts" "localhost" "-no-remote" "-profile" "C:\\Users\\kiera\\AppData\\Local\\Temp\\rust_mozprofile4kCdNQ"
1661948453969	Marionette	INFO	Marionette enabled
1661948453974	Marionette	INFO	Listening on port 57880
WebDriver BiDi listening on ws://localhost:57871
Read port: 57880
1661948454052	RemoteAgent	WARN	TLS certificate errors will be ignored for this session
console.warn: SearchSettings: "get: No settings file exists, new profile?" (new NotFoundError("Could not open the file at C:\\Users\\kiera\\AppData\\Local\\Temp\\rust_mozprofile4kCdNQ\\search.json.mozlz4", (void 0)))
DevTools listening on ws://localhost:57871/devtools/browser/c5255777-ef67-4ec0-8d73-e9dff6ec7e6f
1661948526281	Marionette	INFO	Stopped listening on port 57880
console.warn: TopSitesFeed: Failed to fetch data from Contile server: NetworkError when attempting to fetch resource.
remote-debugging-port" "57951" "--remote-allow-hosts" "localhost" "-no-remote" "-profile" "C:\\Users\\kiera\\AppData\\Local\\Temp\\rust_mozprofile06LR1f"
1661948511479	Marionette	INFO	Marionette enabled
1661948511484	Marionette	INFO	Listening on port 57960
WebDriver BiDi listening on ws://localhost:57951
Read port: 57960
1661948511627	RemoteAgent	WARN	TLS certificate errors will be ignored for this session
console.warn: SearchSettings: "get: No settings file exists, new profile?" (new NotFoundError("Could not open the file at C:\\Users\\kiera\\AppData\\Local\\Temp\\rust_mozprofile06LR1f\\search.json.mozlz4", (void 0)))
DevTools listening on ws://localhost:57951/devtools/browser/3b46a27a-b7ba-4883-9598-c2abf0372921
1661948526833	Marionette	INFO	Stopped listening on port 57960
console.warn: TopSitesFeed: Failed to fetch data from Contile server: NetworkError when attempting to fetch resource.
1661948820827	geckodriver	INFO	Listening on 127.0.0.1:53758
1661948823880	mozrunner::runner	INFO	Running command: "C:\\Program Files\\Mozilla Firefox\\firefox.exe" "--marionette" "--remote-debugging-port" "53759" "--remote-allow-hosts" "localhost" "-no-remote" "-profile" "C:\\Users\\kiera\\AppData\\Local\\Temp\\rust_mozprofileSmWHI6"
1661948824176	Marionette	INFO	Marionette enabled
1661948824182	Marionette	INFO	Listening on port 53768
WebDriver BiDi listening on ws://localhost:53759
Read port: 53768
1661948824254	RemoteAgent	WARN	TLS certificate errors will be ignored for this session
console.warn: SearchSettings: "get: No settings file exists, new profile?" (new NotFoundError("Could not open the file at C:\\Users\\kiera\\AppData\\Local\\Temp\\rust_mozprofileSmWHI6\\search.json.mozlz4", (void 0)))
DevTools listening on ws://localhost:53759/devtools/browser/04bcc709-18b1-42ac-a697-6875482d5617
1661948849052	geckodriver	INFO	Listening on 127.0.0.1:53829
1661948852119	mozrunner::runner	INFO	Running command: "C:\\Program Files\\Mozilla Firefox\\firefox.exe" "--marionette" "--remote-debugging-port" "53830" "--remote-allow-hosts" "localhost" "-no-remote" "-profile" "C:\\Users\\kiera\\AppData\\Local\\Temp\\rust_mozprofilelUftqG"
1661948852394	Marionette	INFO	Marionette enabled
1661948852399	Marionette	INFO	Listening on port 53839
WebDriver BiDi listening on ws://localhost:53830
Read port: 53839
1661948852538	RemoteAgent	WARN	TLS certificate errors will be ignored for this session
console.warn: SearchSettings: "get: No settings file exists, new profile?" (new NotFoundError("Could not open the file at C:\\Users\\kiera\\AppData\\Local\\Temp\\rust_mozprofilelUftqG\\search.json.mozlz4", (void 0)))
DevTools listening on ws://localhost:53830/devtools/browser/c908c77a-f39f-46c9-a601-e8fab7e7b810
1661949056614	geckodriver	INFO	Listening on 127.0.0.1:53937
1661949059659	mozrunner::runner	INFO	Running command: "C:\\Program Files\\Mozilla Firefox\\firefox.exe" "--marionette" "--remote-debugging-port" "53938" "--remote-allow-hosts" "localhost" "-no-remote" "-profile" "C:\\Users\\kiera\\AppData\\Local\\Temp\\rust_mozprofileqQ8FQ6"
1661949059939	Marionette	INFO	Marionette enabled
1661949059944	Marionette	INFO	Listening on port 53948
WebDriver BiDi listening on ws://localhost:53938
Read port: 53948
1661949060025	RemoteAgent	WARN	TLS certificate errors will be ignored for this session
console.warn: SearchSettings: "get: No settings file exists, new profile?" (new NotFoundError("Could not open the file at C:\\Users\\kiera\\AppData\\Local\\Temp\\rust_mozprofileqQ8FQ6\\search.json.mozlz4", (void 0)))
DevTools listening on ws://localhost:53938/devtools/browser/3858e145-f10f-4203-b5aa-015ee7bfd4bd
1661949066163	Marionette	INFO	Stopped listening on port 53948
console.warn: TopSitesFeed: Failed to fetch data from Contile server: NetworkError when attempting to fetch resource.
[Parent 27300, IPC I/O Parent] WARNING: file /builds/worker/checkouts/gecko/ipc/chromium/src/base/process_util_win.cc:167
1661949415482	geckodriver	INFO	Listening on 127.0.0.1:54145
1661949418563	mozrunner::runner	INFO	Running command: "C:\\Program Files\\Mozilla Firefox\\firefox.exe" "--marionette" "--remote-debugging-port" "54146" "--remote-allow-hosts" "localhost" "-no-remote" "-profile" "C:\\Users\\kiera\\AppData\\Local\\Temp\\rust_mozprofileTpBPIm"
1661949418841	Marionette	INFO	Marionette enabled
1661949418846	Marionette	INFO	Listening on port 54158
WebDriver BiDi listening on ws://localhost:54146
Read port: 54158
1661949418917	RemoteAgent	WARN	TLS certificate errors will be ignored for this session
console.warn: SearchSettings: "get: No settings file exists, new profile?" (new NotFoundError("Could not open the file at C:\\Users\\kiera\\AppData\\Local\\Temp\\rust_mozprofileTpBPIm\\search.json.mozlz4", (void 0)))
DevTools listening on ws://localhost:54146/devtools/browser/dfadfd02-2392-4843-a612-f2501cf5c10d
1661949427102	Marionette	INFO	Stopped listening on port 54158
console.warn: TopSitesFeed: Failed to fetch data from Contile server: NetworkError when attempting to fetch resource.
1661949458277	geckodriver	INFO	Listening on 127.0.0.1:54223
1661949461324	mozrunner::runner	INFO	Running command: "C:\\Program Files\\Mozilla Firefox\\firefox.exe" "--marionette" "--remote-debugging-port" "54224" "--remote-allow-hosts" "localhost" "-no-remote" "-profile" "C:\\Users\\kiera\\AppData\\Local\\Temp\\rust_mozprofilenTW4P2"
1661949461597	Marionette	INFO	Marionette enabled
1661949461602	Marionette	INFO	Listening on port 54233
WebDriver BiDi listening on ws://localhost:54224
Read port: 54233
1661949461682	RemoteAgent	WARN	TLS certificate errors will be ignored for this session
console.warn: SearchSettings: "get: No settings file exists, new profile?" (new NotFoundError("Could not open the file at C:\\Users\\kiera\\AppData\\Local\\Temp\\rust_mozprofilenTW4P2\\search.json.mozlz4", (void 0)))
DevTools listening on ws://localhost:54224/devtools/browser/387f44df-9b33-4813-814b-99f31a5950e0
1661949476713	geckodriver	INFO	Listening on 127.0.0.1:54292
1661949479789	mozrunner::runner	INFO	Running command: "C:\\Program Files\\Mozilla Firefox\\firefox.exe" "--marionette" "--remote-debugging-port" "54293" "--remote-allow-hosts" "localhost" "-no-remote" "-profile" "C:\\Users\\kiera\\AppData\\Local\\Temp\\rust_mozprofiletpqcQg"
1661949480061	Marionette	INFO	Marionette enabled
1661949480066	Marionette	INFO	Listening on port 54303
WebDriver BiDi listening on ws://localhost:54293
Read port: 54303
1661949480207	RemoteAgent	WARN	TLS certificate errors will be ignored for this session
console.warn: SearchSettings: "get: No settings file exists, new profile?" (new NotFoundError("Could not open the file at C:\\Users\\kiera\\AppData\\Local\\Temp\\rust_mozprofiletpqcQg\\search.json.mozlz4", (void 0)))
DevTools listening on ws://localhost:54293/devtools/browser/0ed24a5a-810c-4e57-a636-a54eaff38c4a
1661949558736	geckodriver	INFO	Listening on 127.0.0.1:54440
1661949561798	mozrunner::runner	INFO	Running command: "C:\\Program Files\\Mozilla Firefox\\firefox.exe" "--marionette" "--remote-debugging-port" "54441" "--remote-allow-hosts" "localhost" "-no-remote" "-profile" "C:\\Users\\kiera\\AppData\\Local\\Temp\\rust_mozprofileeaDtZZ"
1661949562076	Marionette	INFO	Marionette enabled
1661949562081	Marionette	INFO	Listening on port 54450
WebDriver BiDi listening on ws://localhost:54441
Read port: 54450
1661949562219	RemoteAgent	WARN	TLS certificate errors will be ignored for this session
console.warn: SearchSettings: "get: No settings file exists, new profile?" (new NotFoundError("Could not open the file at C:\\Users\\kiera\\AppData\\Local\\Temp\\rust_mozprofileeaDtZZ\\search.json.mozlz4", (void 0)))
DevTools listening on ws://localhost:54441/devtools/browser/f016b708-f0c2-4c04-a349-3462ca7352a5
